[1] "2021-08-17 09:34:32 +03"
[1] "the Shiny Web application runs on: http://192.168.0.8:3844/"
Session stopped
Session stopped
Doing application cleanup
-----
 Removing connections
Terminate batch job (Y/N)? [1] "2021-08-31 14:51:11 +03"
[1] "the Shiny Web application runs on: http://192.168.0.9:3844/"
Doing application cleanup
-----
 Removing connections
Terminate batch job (Y/N)? [1] "2021-09-04 11:11:58 +03"
[1] "the Shiny Web application runs on: http://192.168.0.9:3844/"
[1] "2021-09-04 11:13:52 +03"
[1] "the Shiny Web application runs on: http://192.168.0.9:3844/"
Doing application cleanup
-----
 Removing connections
Terminate batch job (Y/N)? [1] "2021-09-18 18:39:48 +03"
[1] "the Shiny Web application runs on: http://192.168.0.9:3845/"
Doing application cleanup
-----
 Removing connections
Terminate batch job (Y/N)? [1] "2021-09-21 14:15:41 +03"
[1] "the Shiny Web application runs on: http://192.168.0.9:3845/"
Terminate batch job (Y/N)? [1] "2021-09-23 07:43:30 +03"
[1] "the Shiny Web application runs on: http://192.168.0.9:3845/"
[1] "NO emails were send! Please check the email addresses"
[1] "NO emails were send! Please check the email addresses"
Terminate batch job (Y/N)? [1] "2021-09-24 08:40:27 +03"
[1] "the Shiny Web application runs on: http://192.168.0.9:3845/"
Doing application cleanup
-----
 Removing connections
Doing application cleanup
-----
 Removing connections
Doing application cleanup
-----
 Removing connections
